TN:
SF:src\components\UI\CoinCounter.js
FN:4,CoinCounter
FN:5,(anonymous_1)
FN:8,(anonymous_2)
FN:12,(anonymous_3)
FNF:4
FNH:0
FNDA:0,CoinCounter
FNDA:0,(anonymous_1)
FNDA:0,(anonymous_2)
FNDA:0,(anonymous_3)
DA:5,0
DA:6,0
DA:7,0
DA:8,0
DA:9,0
DA:10,0
DA:11,0
DA:12,0
DA:14,0
DA:16,0
LF:10
LH:0
BRDA:10,0,0,0
BRDA:10,0,1,0
BRDA:16,1,0,0
BRDA:16,1,1,0
BRF:4
BRH:0
end_of_record
TN:
SF:src\perf\observer.js
FN:11,startPerfObserver
FN:16,(anonymous_1)
FN:27,(anonymous_2)
FN:31,stopPerfObserver
FN:43,evaluateNow
FNF:5
FNH:0
FNDA:0,startPerfObserver
FNDA:0,(anonymous_1)
FNDA:0,(anonymous_2)
FNDA:0,stopPerfObserver
FNDA:0,evaluateNow
DA:3,0
DA:7,0
DA:8,0
DA:9,0
DA:10,0
DA:12,0
DA:13,0
DA:14,0
DA:15,0
DA:16,0
DA:17,0
DA:18,0
DA:19,0
DA:20,0
DA:23,0
DA:26,0
DA:27,0
DA:28,0
DA:32,0
DA:33,0
DA:34,0
DA:35,0
DA:36,0
DA:37,0
DA:40,0
DA:44,0
DA:45,0
DA:46,0
DA:47,0
DA:48,0
DA:49,0
DA:50,0
DA:51,0
DA:52,0
DA:58,0
DA:59,0
DA:65,0
DA:66,0
LF:38
LH:0
BRDA:11,0,0,0
BRDA:19,1,0,0
BRDA:19,1,1,0
BRDA:26,2,0,0
BRDA:26,2,1,0
BRDA:32,3,0,0
BRDA:32,3,1,0
BRDA:35,4,0,0
BRDA:35,4,1,0
BRDA:43,5,0,0
BRDA:46,6,0,0
BRDA:46,6,1,0
BRDA:46,7,0,0
BRDA:46,7,1,0
BRDA:47,8,0,0
BRDA:47,8,1,0
BRDA:49,9,0,0
BRDA:49,9,1,0
BRDA:51,10,0,0
BRDA:51,10,1,0
BRDA:51,11,0,0
BRDA:51,11,1,0
BRDA:58,12,0,0
BRDA:58,12,1,0
BRDA:58,13,0,0
BRDA:58,13,1,0
BRF:26
BRH:0
end_of_record
TN:
SF:src\perf\observer.ts
FN:20,startPerfObserver
FN:26,(anonymous_1)
FN:36,(anonymous_2)
FN:41,stopPerfObserver
FN:52,evaluateNow
FNF:5
FNH:0
FNDA:0,startPerfObserver
FNDA:0,(anonymous_1)
FNDA:0,(anonymous_2)
FNDA:0,stopPerfObserver
FNDA:0,evaluateNow
DA:10,0
DA:15,0
DA:16,0
DA:17,0
DA:18,0
DA:21,0
DA:22,0
DA:23,0
DA:25,0
DA:26,0
DA:27,0
DA:28,0
DA:29,0
DA:32,0
DA:35,0
DA:36,0
DA:37,0
DA:42,0
DA:43,0
DA:44,0
DA:45,0
DA:46,0
DA:48,0
DA:53,0
DA:54,0
DA:55,0
DA:56,0
DA:57,0
DA:58,0
DA:59,0
DA:60,0
DA:61,0
DA:67,0
DA:68,0
DA:74,0
DA:75,0
LF:36
LH:0
BRDA:20,0,0,0
BRDA:29,1,0,0
BRDA:29,1,1,0
BRDA:35,2,0,0
BRDA:35,2,1,0
BRDA:42,3,0,0
BRDA:42,3,1,0
BRDA:44,4,0,0
BRDA:44,4,1,0
BRDA:52,5,0,0
BRDA:55,6,0,0
BRDA:55,6,1,0
BRDA:55,7,0,0
BRDA:55,7,1,0
BRDA:56,8,0,0
BRDA:56,8,1,0
BRDA:58,9,0,0
BRDA:58,9,1,0
BRDA:60,10,0,0
BRDA:60,10,1,0
BRDA:60,11,0,0
BRDA:60,11,1,0
BRDA:67,12,0,0
BRDA:67,12,1,0
BRDA:67,13,0,0
BRDA:67,13,1,0
BRF:26
BRH:0
end_of_record
TN:
SF:src\services\notificationService.js
FN:2,(anonymous_0)
FNF:1
FNH:0
FNDA:0,(anonymous_0)
DA:1,0
DA:3,0
LF:2
LH:0
BRF:0
BRH:0
end_of_record
TN:
SF:src\services\notificationService.ts
FN:2,(anonymous_0)
FNF:1
FNH:0
FNDA:0,(anonymous_0)
DA:1,0
DA:3,0
LF:2
LH:0
BRF:0
BRH:0
end_of_record
TN:
SF:src\stores\perfStore.js
FN:2,(anonymous_0)
FN:5,(anonymous_1)
FN:6,(anonymous_2)
FNF:3
FNH:0
FNDA:0,(anonymous_0)
FNDA:0,(anonymous_1)
FNDA:0,(anonymous_2)
DA:2,0
DA:5,0
DA:6,0
LF:3
LH:0
BRF:0
BRH:0
end_of_record
TN:
SF:src\stores\perfStore.ts
FN:10,(anonymous_0)
FN:13,(anonymous_1)
FN:14,(anonymous_2)
FNF:3
FNH:0
FNDA:0,(anonymous_0)
FNDA:0,(anonymous_1)
FNDA:0,(anonymous_2)
DA:10,0
DA:13,0
DA:14,0
LF:3
LH:0
BRF:0
BRH:0
end_of_record
TN:
SF:src\utils\board.js
FN:1,computeRadius
FN:5,worldPosition
FNF:2
FNH:0
FNDA:0,computeRadius
FNDA:0,worldPosition
DA:2,0
DA:3,0
DA:6,0
DA:7,0
LF:4
LH:0
BRF:0
BRH:0
end_of_record
TN:
SF:src\utils\board.ts
FN:1,computeRadius
FN:6,worldPosition
FNF:2
FNH:0
FNDA:0,computeRadius
FNDA:0,worldPosition
DA:2,0
DA:3,0
DA:7,0
DA:8,0
LF:4
LH:0
BRF:0
BRH:0
end_of_record
TN:
SF:src\utils\leveling.js
FN:1,xpNeededFor
FN:5,addCoinsToLeveling
FNF:2
FNH:0
FNDA:0,xpNeededFor
FNDA:0,addCoinsToLeveling
DA:2,0
DA:4,0
DA:6,0
DA:7,0
DA:8,0
DA:9,0
DA:10,0
DA:11,0
DA:13,0
DA:14,0
DA:15,0
LF:11
LH:0
BRDA:9,0,0,0
BRDA:9,0,1,0
BRDA:13,1,0,0
BRDA:13,1,1,0
BRF:4
BRH:0
end_of_record
TN:
SF:src\utils\leveling.ts
FN:6,xpNeededFor
FN:12,addCoinsToLeveling
FNF:2
FNH:0
FNDA:0,xpNeededFor
FNDA:0,addCoinsToLeveling
DA:7,0
DA:10,0
DA:13,0
DA:14,0
DA:15,0
DA:17,0
DA:18,0
DA:19,0
DA:22,0
DA:23,0
LF:10
LH:0
BRDA:17,0,0,0
BRDA:17,0,1,0
BRDA:22,1,0,0
BRDA:22,1,1,0
BRF:4
BRH:0
end_of_record
